<?xml version="1.0" encoding="UTF-8"?>
<!-- Generated by org.testng.reporters.JUnitXMLReporter -->
<testsuite hostname="LIN59017991" ignored="0" name="Default test" tests="5" failures="0" timestamp="13 Dec 2021 10:44:09 GMT" time="42.586" errors="0">
  <testcase name="loginTest" time="2.287" classname="com.orangeHRM.testCases.LoginPageTestDDT"/>
  <testcase name="loginTest" time="5.141" classname="com.orangeHRM.testCases.LoginPageTestDDT"/>
  <testcase name="loginTest" time="1.898" classname="com.orangeHRM.testCases.LoginPageTestDDT"/>
  <testcase name="validateorangeHRMLogoTest" time="0.06" classname="com.orangeHRM.testCases.LoginPageTestDDT"/>
  <testcase name="validateLoginPageTitleTest" time="0.008" classname="com.orangeHRM.testCases.LoginPageTestDDT"/>
</testsuite> <!-- Default test -->
