<?xml version="1.0" encoding="UTF-8"?>
<!-- Generated by org.testng.reporters.JUnitXMLReporter -->
<testsuite hostname="LIN59017991" ignored="0" name="Test" tests="3" failures="0" timestamp="13 Dec 2021 10:54:34 GMT" time="23.251" errors="0">
  <testcase name="validateorangeHRMLogoTest" time="0.155" classname="com.orangeHRM.testCases.LoginPageTest"/>
  <testcase name="validateLoginPageTitleTest" time="0.006" classname="com.orangeHRM.testCases.LoginPageTest"/>
  <testcase name="loginTest" time="5.129" classname="com.orangeHRM.testCases.LoginPageTest"/>
</testsuite> <!-- Test -->
